/*C4*/SET SCHEMA PUBLIC
SET SCHEMA PUBLIC
SET SCHEMA PUBLIC
CREATE TABLE OFFER_STATUS (ID INTEGER PRIMARY KEY NOT NULL IDENTITY, DESCRIPTION VARCHAR(255) NOT NULL)
CREATE TABLE OFFER_CANDIDATE_STATUS (ID INTEGER PRIMARY KEY NOT NULL IDENTITY, DESCRIPTION VARCHAR(255) NOT NULL)
CREATE TABLE OFFER (ID INTEGER PRIMARY KEY  NOT NULL IDENTITY, ACRONYM VARCHAR(255), DESCRIPTION VARCHAR(1000), APPLICANT VARCHAR(255), OFFER_STATUS INTEGER, CREATION_DATE DATE, START_DATE DATE, END_DATE DATE)
CREATE TABLE OFFER_CANDIDATES (ID INTEGER PRIMARY KEY NOT NULL IDENTITY, OFFER_ID INTEGER NOT NULL, CANDIDATE_ID INTEGER NOT NULL, OFFER_CANDIDATE_STATUS INTEGER)
ALTER TABLE OFFER ADD CONSTRAINT OFFER_FK_OFFER_STATUS FOREIGN KEY (OFFER_STATUS) REFERENCES OFFER_STATUS(ID)
ALTER TABLE OFFER_CANDIDATES ADD CONSTRAINT OFFER_CANDIDATES_FK_CANDIDATES FOREIGN KEY (CANDIDATE_ID) REFERENCES CANDIDATE(ID)
ALTER TABLE OFFER_CANDIDATES ADD CONSTRAINT OFFER_CANDIDATES_FK_OFFER FOREIGN KEY (OFFER_ID) REFERENCES OFFER(ID)
ALTER TABLE OFFER_CANDIDATES ADD CONSTRAINT OFFER_CANDIDATES_FK_OFFER_CANDIDATES_STATUS FOREIGN KEY (OFFER_CANDIDATE_STATUS) REFERENCES OFFER_CANDIDATE_STATUS(ID)
INSERT INTO OFFER_STATUS VALUES(0,'PENDING')
COMMIT
INSERT INTO OFFER_CANDIDATE_STATUS VALUES(0,'INTERVIEW')
COMMIT
INSERT INTO OFFER VALUES(0,'Digital Twin','Two new Java developers should be incorporated. The salary range is between 20k\u20ac and 30k\u20ac. The location is in Vigo full time.','Janna Tirte',0,'2020-01-01','2020-02-07',NULL)
COMMIT
INSERT INTO OFFER VALUES(1,'Exotic language programmer','We are looking for a talented Programmer to create secure and functional code.\u000d\u000aYou may have to provide quality coding solutions both for simple applications and complex information or operating systems.\u000d\u000aThe ideal candidate will have a passion for technology and software building.\u000d\u000aAttention to detail and an analytical mind are essential qualities for a successful career in programming.','Richard Stallman',0,'2019-12-01','2019-12-15',NULL)
COMMIT
INSERT INTO OFFER VALUES(2,'HR Manager','We are looking for an experienced leader for our project management office focused on Project Management activities within our service delivery center to join our team in our Atlanta office. This role is integral to achieve accurate project management and process standardization throughout the organization. The major priority for the successful candidate will be to lead a team of project managers across a large portfolio of projects. Projects range from small enhancements, large-scale technology implementations, and daily operational activities.','Harry May',0,'2020-01-01','2020-01-07',NULL)
COMMIT
INSERT INTO OFFER VALUES(3,'Software developer','Works under the direction and supervision of application managers and project managers to help build the next generation of global financial data systems to support the client\u2019s front office, middle office processes and back-office risk, finance, compliance reporting, regulatory reporting, and capital markets and banking needs.','Tanya Howard',0,'2020-01-01','2020-01-02',NULL)
COMMIT
INSERT INTO OFFER VALUES(4,'UI developer','The ideal candidate will be responsible for developing user interfaces and controls that achieve maximum usability for our enterprise application and our customers.','Francis Harris',0,'2019-12-01','2019-12-24',NULL)
COMMIT
INSERT INTO OFFER VALUES(5,'Entry level management','With the addition of various new clients requesting that we expand our services to new markets, we have an urgent need for a passionate individual that we can train, support, and groom to accept a role as a Manager within our firm.\u000d\u000a\u000d\u000aTo ensure your success, we offer training that encompasses all facets of our business operations. You\u2019ll experience hands on training provided by seasoned professionals in each department, primarily:\u000d\u000a\u000d\u000aPromotional Marketing\u000d\u000aCustomer Service\u000d\u000aConsumer Relations\u000d\u000aBusiness Administration\u000d\u000aRecruiting and Talent Acquisition','Joy Boyd',0,'2019-11-01','2019-11-06',NULL)
COMMIT
INSERT INTO OFFER VALUES(6,'PHP developer','Responsible for all requests for data processing services including, preparation of specifications, development and maintenance of computer programs, job control language and operational documentation. Assists productions systems group. Interfaces with other departments to determine user needs.','Rebecca Bowman',0,'2020-01-01','2020-01-06',NULL)
COMMIT
INSERT INTO OFFER VALUES(7,'Security engineer','This position is open within the Security Engineering teams, which has full end-to-end ownership of security tools that allows for strong security prevention, detection and response capabilities. Our mission is to ensure cyber infrastructure is in line with industry standards by performing day-to-day system administration, product selection for new tools, deployment, configuration, maintenance, and support and license management.','Harry Gardner',0,'2020-01-01','2020-01-16',NULL)
COMMIT
INSERT INTO OFFER VALUES(8,'Project Manager','Performs a variety of duties associated with the development and production of the aircraft maintenance manuals, wiring diagram manuals and other associated documents. Utilize an automated publishing system to download, import, and distribute manual data.Individual will incorporate vendor revisions and Delta engineering documents into a Delta customized manual and coordinate the publishing of the same. Additional responsibilities may include continuous improvement of revision processes, training and point person for data issues. The Project Leader may also be responsible for review and distribution of Aircraft Maintenance Alerts (AMAs), company policy & procedures, bulletins, vendor access, and other technical information.','Erika Torres',0,'2020-01-01','2020-01-15',NULL)
COMMIT
INSERT INTO OFFER VALUES(9,'Istari support','Will provide administrative and logistical support to members of the executive team and may support other as needed. Must display professionalism and a strong work ethic while fostering a work environment that is positive, optimistic and collaborative. Position requires excellent administrative, communication, organizational and time management skills paired with flexibility, integrity and the ability to work independently. Must have Balrog fighting proficiency.','Eru I\u00favatar',0,'2020-01-01','2020-01-06',NULL)
COMMIT
INSERT INTO OFFER_CANDIDATES VALUES(0,0,0,0)
COMMIT
INSERT INTO OFFER_CANDIDATES VALUES(1,0,3,0)
COMMIT
INSERT INTO OFFER_CANDIDATES VALUES(2,0,8,0)
COMMIT
INSERT INTO OFFER_CANDIDATES VALUES(3,0,12,0)
COMMIT
/*C5*/SET SCHEMA PUBLIC
INSERT INTO OFFER_STATUS VALUES(1,'STARTED')
COMMIT
DELETE FROM OFFER_STATUS WHERE ID=1
COMMIT
/*C10*/SET SCHEMA PUBLIC
DISCONNECT
/*C7*/SET SCHEMA PUBLIC
DISCONNECT
/*C12*/SET SCHEMA PUBLIC
DISCONNECT
/*C11*/SET SCHEMA PUBLIC
DISCONNECT
/*C13*/SET SCHEMA PUBLIC
DISCONNECT
/*C9*/SET SCHEMA PUBLIC
DISCONNECT
/*C5*/DISCONNECT
/*C8*/SET SCHEMA PUBLIC
DISCONNECT
/*C14*/SET SCHEMA PUBLIC
DISCONNECT
/*C6*/SET SCHEMA PUBLIC
DISCONNECT
/*C15*/SET SCHEMA PUBLIC
DISCONNECT
/*C19*/SET SCHEMA PUBLIC
DISCONNECT
/*C16*/SET SCHEMA PUBLIC
DISCONNECT
/*C21*/SET SCHEMA PUBLIC
DISCONNECT
/*C17*/SET SCHEMA PUBLIC
DISCONNECT
/*C18*/SET SCHEMA PUBLIC
DISCONNECT
/*C20*/SET SCHEMA PUBLIC
DISCONNECT
/*C22*/SET SCHEMA PUBLIC
DISCONNECT
/*C23*/SET SCHEMA PUBLIC
DISCONNECT
/*C24*/SET SCHEMA PUBLIC
DISCONNECT
/*C26*/SET SCHEMA PUBLIC
DISCONNECT
/*C27*/SET SCHEMA PUBLIC
DISCONNECT
/*C25*/SET SCHEMA PUBLIC
DISCONNECT
/*C32*/SET SCHEMA PUBLIC
DISCONNECT
/*C30*/SET SCHEMA PUBLIC
DISCONNECT
/*C29*/SET SCHEMA PUBLIC
DISCONNECT
/*C31*/SET SCHEMA PUBLIC
DISCONNECT
/*C33*/SET SCHEMA PUBLIC
DISCONNECT
/*C28*/SET SCHEMA PUBLIC
DISCONNECT
/*C34*/SET SCHEMA PUBLIC
DISCONNECT
/*C38*/SET SCHEMA PUBLIC
DISCONNECT
/*C40*/SET SCHEMA PUBLIC
DISCONNECT
/*C39*/SET SCHEMA PUBLIC
DISCONNECT
/*C35*/SET SCHEMA PUBLIC
DISCONNECT
/*C36*/SET SCHEMA PUBLIC
DISCONNECT
/*C42*/SET SCHEMA PUBLIC
DISCONNECT
/*C37*/SET SCHEMA PUBLIC
DISCONNECT
/*C41*/SET SCHEMA PUBLIC
DISCONNECT
/*C43*/SET SCHEMA PUBLIC
DISCONNECT
/*C44*/SET SCHEMA PUBLIC
DISCONNECT
/*C45*/SET SCHEMA PUBLIC
DISCONNECT
/*C46*/SET SCHEMA PUBLIC
DISCONNECT
/*C47*/SET SCHEMA PUBLIC
DISCONNECT
/*C48*/SET SCHEMA PUBLIC
DISCONNECT
/*C49*/SET SCHEMA PUBLIC
DISCONNECT
/*C51*/SET SCHEMA PUBLIC
DISCONNECT
/*C50*/SET SCHEMA PUBLIC
DISCONNECT
/*C52*/SET SCHEMA PUBLIC
DISCONNECT
/*C54*/SET SCHEMA PUBLIC
DISCONNECT
/*C53*/SET SCHEMA PUBLIC
DISCONNECT
/*C55*/SET SCHEMA PUBLIC
DISCONNECT
/*C57*/SET SCHEMA PUBLIC
DISCONNECT
/*C56*/SET SCHEMA PUBLIC
DISCONNECT
/*C59*/SET SCHEMA PUBLIC
DISCONNECT
/*C58*/SET SCHEMA PUBLIC
DISCONNECT
/*C60*/SET SCHEMA PUBLIC
DISCONNECT
/*C61*/SET SCHEMA PUBLIC
DISCONNECT
/*C63*/SET SCHEMA PUBLIC
DISCONNECT
/*C62*/SET SCHEMA PUBLIC
DISCONNECT
/*C64*/SET SCHEMA PUBLIC
DISCONNECT
/*C65*/SET SCHEMA PUBLIC
DISCONNECT
/*C66*/SET SCHEMA PUBLIC
DISCONNECT
/*C67*/SET SCHEMA PUBLIC
DISCONNECT
/*C71*/SET SCHEMA PUBLIC
DISCONNECT
/*C69*/SET SCHEMA PUBLIC
DISCONNECT
/*C68*/SET SCHEMA PUBLIC
DISCONNECT
/*C73*/SET SCHEMA PUBLIC
DISCONNECT
/*C72*/SET SCHEMA PUBLIC
DISCONNECT
/*C70*/SET SCHEMA PUBLIC
DISCONNECT
/*C74*/SET SCHEMA PUBLIC
DISCONNECT
/*C76*/SET SCHEMA PUBLIC
DISCONNECT
/*C75*/SET SCHEMA PUBLIC
DISCONNECT
/*C79*/SET SCHEMA PUBLIC
DISCONNECT
/*C82*/SET SCHEMA PUBLIC
DISCONNECT
/*C78*/SET SCHEMA PUBLIC
DISCONNECT
/*C80*/SET SCHEMA PUBLIC
DISCONNECT
/*C83*/SET SCHEMA PUBLIC
DISCONNECT
/*C77*/SET SCHEMA PUBLIC
DISCONNECT
/*C81*/SET SCHEMA PUBLIC
DISCONNECT
/*C84*/SET SCHEMA PUBLIC
DISCONNECT
/*C85*/SET SCHEMA PUBLIC
DISCONNECT
/*C86*/SET SCHEMA PUBLIC
DISCONNECT
/*C87*/SET SCHEMA PUBLIC
DISCONNECT
/*C89*/SET SCHEMA PUBLIC
DISCONNECT
/*C88*/SET SCHEMA PUBLIC
DISCONNECT
/*C91*/SET SCHEMA PUBLIC
DISCONNECT
/*C90*/SET SCHEMA PUBLIC
DISCONNECT
/*C92*/SET SCHEMA PUBLIC
DISCONNECT
/*C94*/SET SCHEMA PUBLIC
DISCONNECT
/*C93*/SET SCHEMA PUBLIC
DISCONNECT
/*C97*/SET SCHEMA PUBLIC
DISCONNECT
/*C98*/SET SCHEMA PUBLIC
DISCONNECT
/*C99*/SET SCHEMA PUBLIC
DISCONNECT
/*C95*/SET SCHEMA PUBLIC
DISCONNECT
/*C96*/SET SCHEMA PUBLIC
DISCONNECT
/*C100*/SET SCHEMA PUBLIC
DISCONNECT
/*C101*/SET SCHEMA PUBLIC
DISCONNECT
/*C102*/SET SCHEMA PUBLIC
DISCONNECT
/*C103*/SET SCHEMA PUBLIC
DISCONNECT
/*C104*/SET SCHEMA PUBLIC
DISCONNECT
/*C106*/SET SCHEMA PUBLIC
DISCONNECT
/*C108*/SET SCHEMA PUBLIC
DISCONNECT
/*C109*/SET SCHEMA PUBLIC
DISCONNECT
/*C105*/SET SCHEMA PUBLIC
DISCONNECT
/*C110*/SET SCHEMA PUBLIC
DISCONNECT
/*C111*/SET SCHEMA PUBLIC
DISCONNECT
/*C107*/SET SCHEMA PUBLIC
DISCONNECT
/*C112*/SET SCHEMA PUBLIC
DISCONNECT
/*C114*/SET SCHEMA PUBLIC
DISCONNECT
/*C113*/SET SCHEMA PUBLIC
DISCONNECT
/*C115*/SET SCHEMA PUBLIC
DISCONNECT
/*C123*/SET SCHEMA PUBLIC
DISCONNECT
/*C116*/SET SCHEMA PUBLIC
DISCONNECT
/*C119*/SET SCHEMA PUBLIC
DISCONNECT
/*C118*/SET SCHEMA PUBLIC
DISCONNECT
/*C120*/SET SCHEMA PUBLIC
DISCONNECT
/*C121*/SET SCHEMA PUBLIC
DISCONNECT
/*C124*/SET SCHEMA PUBLIC
DISCONNECT
/*C117*/SET SCHEMA PUBLIC
DISCONNECT
/*C122*/SET SCHEMA PUBLIC
DISCONNECT
